<?xml version="1.0" encoding="UTF-8"?>
<!-- Generated by org.testng.reporters.JUnitReportReporter -->
<testsuite name="qsp.DemoA" tests="1" time="10.110" ignored="0" failures="0" timestamp="03 Feb 2018 10:33:02 GMT" skipped="0" hostname="CBT-LAB-017" errors="0">
  <testcase name="testA" time="10.110" classname="qsp.DemoA"/>
</testsuite> <!-- qsp.DemoA -->
